<?xml version="1.0" encoding="UTF-8"?>
<testsuite name="com.soma.world.springboot.domain.posts.PostsRepositoryTest" tests="1" skipped="0" failures="0" errors="0" timestamp="2020-05-06T16:12:14" hostname="DESKTOP-J720G2E" time="0.637">
  <properties/>
  <testcase name="게시글저장_불러오기" classname="com.soma.world.springboot.domain.posts.PostsRepositoryTest" time="0.637"/>
  <system-out><![CDATA[01:12:07.830 [Test worker] DEBUG org.springframework.test.context.junit4.SpringJUnit4ClassRunner - SpringJUnit4ClassRunner constructor called with [class com.soma.world.springboot.domain.posts.PostsRepositoryTest]
01:12:07.842 [Test worker] DEBUG org.springframework.test.context.BootstrapUtils - Instantiating CacheAwareContextLoaderDelegate from class [org.springframework.test.context.cache.DefaultCacheAwareContextLoaderDelegate]
01:12:07.854 [Test worker] DEBUG org.springframework.test.context.BootstrapUtils - Instantiating BootstrapContext using constructor [public org.springframework.test.context.support.DefaultBootstrapContext(java.lang.Class,org.springframework.test.context.CacheAwareContextLoaderDelegate)]
01:12:07.881 [Test worker] DEBUG org.springframework.test.context.BootstrapUtils - Instantiating TestContextBootstrapper for test class [com.soma.world.springboot.domain.posts.PostsRepositoryTest] from class [org.springframework.boot.test.context.SpringBootTestContextBootstrapper]
01:12:07.900 [Test worker] INFO org.springframework.boot.test.context.SpringBootTestContextBootstrapper - Neither @ContextConfiguration nor @ContextHierarchy found for test class [com.soma.world.springboot.domain.posts.PostsRepositoryTest], using SpringBootContextLoader
01:12:07.904 [Test worker] DEBUG org.springframework.test.context.support.AbstractContextLoader - Did not detect default resource location for test class [com.soma.world.springboot.domain.posts.PostsRepositoryTest]: class path resource [com/soma/world/springboot/domain/posts/PostsRepositoryTest-context.xml] does not exist
01:12:07.905 [Test worker] DEBUG org.springframework.test.context.support.AbstractContextLoader - Did not detect default resource location for test class [com.soma.world.springboot.domain.posts.PostsRepositoryTest]: class path resource [com/soma/world/springboot/domain/posts/PostsRepositoryTestContext.groovy] does not exist
01:12:07.905 [Test worker] INFO org.springframework.test.context.support.AbstractContextLoader - Could not detect default resource locations for test class [com.soma.world.springboot.domain.posts.PostsRepositoryTest]: no resource found for suffixes {-context.xml, Context.groovy}.
01:12:07.907 [Test worker] INFO org.springframework.test.context.support.AnnotationConfigContextLoaderUtils - Could not detect default configuration classes for test class [com.soma.world.springboot.domain.posts.PostsRepositoryTest]: PostsRepositoryTest does not declare any static, non-private, non-final, nested classes annotated with @Configuration.
01:12:07.963 [Test worker] DEBUG org.springframework.test.context.support.ActiveProfilesUtils - Could not find an 'annotation declaring class' for annotation type [org.springframework.test.context.ActiveProfiles] and class [com.soma.world.springboot.domain.posts.PostsRepositoryTest]
01:12:08.063 [Test worker] DEBUG org.springframework.context.annotation.ClassPathScanningCandidateComponentProvider - Identified candidate component class: file [C:\Users\somin\IdeaProjects\first-springboot2-webservice\build\classes\java\main\com\soma\world\springboot\Application.class]
01:12:08.064 [Test worker] INFO org.springframework.boot.test.context.SpringBootTestContextBootstrapper - Found @SpringBootConfiguration com.soma.world.springboot.Application for test class com.soma.world.springboot.domain.posts.PostsRepositoryTest
01:12:08.198 [Test worker] DEBUG org.springframework.boot.test.context.SpringBootTestContextBootstrapper - @TestExecutionListeners is not present for class [com.soma.world.springboot.domain.posts.PostsRepositoryTest]: using defaults.
01:12:08.198 [Test worker] INFO org.springframework.boot.test.context.SpringBootTestContextBootstrapper - Loaded default TestExecutionListener class names from location [META-INF/spring.factories]: [org.springframework.boot.test.autoconfigure.restdocs.RestDocsTestExecutionListener, org.springframework.boot.test.autoconfigure.web.client.MockRestServiceServerResetTestExecutionListener, org.springframework.boot.test.autoconfigure.web.servlet.MockMvcPrintOnlyOnFailureTestExecutionListener, org.springframework.boot.test.autoconfigure.web.servlet.WebDriverTestExecutionListener, org.springframework.boot.test.mock.mockito.MockitoTestExecutionListener, org.springframework.boot.test.mock.mockito.ResetMocksTestExecutionListener, org.springframework.test.context.web.ServletTestExecutionListener, org.springframework.test.context.support.DirtiesContextBeforeModesTestExecutionListener, org.springframework.test.context.support.DependencyInjectionTestExecutionListener, org.springframework.test.context.support.DirtiesContextTestExecutionListener, org.springframework.test.context.transaction.TransactionalTestExecutionListener, org.springframework.test.context.jdbc.SqlScriptsTestExecutionListener]
01:12:08.225 [Test worker] INFO org.springframework.boot.test.context.SpringBootTestContextBootstrapper - Using TestExecutionListeners: [org.springframework.test.context.web.ServletTestExecutionListener@39b50d57, org.springframework.test.context.support.DirtiesContextBeforeModesTestExecutionListener@50592ff3, org.springframework.boot.test.mock.mockito.MockitoTestExecutionListener@35c26ccc, org.springframework.boot.test.autoconfigure.SpringBootDependencyInjectionTestExecutionListener@291c5715, org.springframework.test.context.support.DirtiesContextTestExecutionListener@38d228d4, org.springframework.test.context.transaction.TransactionalTestExecutionListener@21edae8a, org.springframework.test.context.jdbc.SqlScriptsTestExecutionListener@76f1277, org.springframework.boot.test.autoconfigure.restdocs.RestDocsTestExecutionListener@4c805970, org.springframework.boot.test.autoconfigure.web.client.MockRestServiceServerResetTestExecutionListener@653d5cbc, org.springframework.boot.test.autoconfigure.web.servlet.MockMvcPrintOnlyOnFailureTestExecutionListener@2968276f, org.springframework.boot.test.autoconfigure.web.servlet.WebDriverTestExecutionListener@566b749f, org.springframework.boot.test.mock.mockito.ResetMocksTestExecutionListener@18eefcfb]
01:12:08.230 [Test worker] DEBUG org.springframework.test.annotation.ProfileValueUtils - Retrieved @ProfileValueSourceConfiguration [null] for test class [com.soma.world.springboot.domain.posts.PostsRepositoryTest]
01:12:08.230 [Test worker] DEBUG org.springframework.test.annotation.ProfileValueUtils - Retrieved ProfileValueSource type [class org.springframework.test.annotation.SystemProfileValueSource] for class [com.soma.world.springboot.domain.posts.PostsRepositoryTest]
01:12:08.234 [Test worker] DEBUG org.springframework.test.annotation.ProfileValueUtils - Retrieved @ProfileValueSourceConfiguration [null] for test class [com.soma.world.springboot.domain.posts.PostsRepositoryTest]
01:12:08.235 [Test worker] DEBUG org.springframework.test.annotation.ProfileValueUtils - Retrieved ProfileValueSource type [class org.springframework.test.annotation.SystemProfileValueSource] for class [com.soma.world.springboot.domain.posts.PostsRepositoryTest]
01:12:08.236 [Test worker] DEBUG org.springframework.test.annotation.ProfileValueUtils - Retrieved @ProfileValueSourceConfiguration [null] for test class [com.soma.world.springboot.domain.posts.PostsRepositoryTest]
01:12:08.236 [Test worker] DEBUG org.springframework.test.annotation.ProfileValueUtils - Retrieved ProfileValueSource type [class org.springframework.test.annotation.SystemProfileValueSource] for class [com.soma.world.springboot.domain.posts.PostsRepositoryTest]
01:12:08.242 [Test worker] DEBUG org.springframework.test.context.support.AbstractDirtiesContextTestExecutionListener - Before test class: context [DefaultTestContext@26fde280 testClass = PostsRepositoryTest, testInstance = [null], testMethod = [null], testException = [null], mergedContextConfiguration = [WebMergedContextConfiguration@6770919b testClass = PostsRepositoryTest, locations = '{}', classes = '{class com.soma.world.springboot.Application}', contextInitializerClasses = '[]', activeProfiles = '{}', propertySourceLocations = '{}', propertySourceProperties = '{org.springframework.boot.test.context.SpringBootTestContextBootstrapper=true}', contextCustomizers = set[org.springframework.boot.test.autoconfigure.properties.PropertyMappingContextCustomizer@0, org.springframework.boot.test.autoconfigure.web.servlet.WebDriverContextCustomizerFactory$Customizer@40b4301c, org.springframework.boot.test.context.filter.ExcludeFilterContextCustomizer@5fd4f1e5, org.springframework.boot.test.json.DuplicateJsonObjectContextCustomizerFactory$DuplicateJsonObjectContextCustomizer@4112a964, org.springframework.boot.test.mock.mockito.MockitoContextCustomizer@0, org.springframework.boot.test.web.client.TestRestTemplateContextCustomizer@2e98d142], resourceBasePath = 'src/main/webapp', contextLoader = 'org.springframework.boot.test.context.SpringBootContextLoader', parent = [null]], attributes = map['org.springframework.test.context.web.ServletTestExecutionListener.activateListener' -> true]], class annotated with @DirtiesContext [false] with mode [null].
01:12:08.243 [Test worker] DEBUG org.springframework.test.annotation.ProfileValueUtils - Retrieved @ProfileValueSourceConfiguration [null] for test class [com.soma.world.springboot.domain.posts.PostsRepositoryTest]
01:12:08.243 [Test worker] DEBUG org.springframework.test.annotation.ProfileValueUtils - Retrieved ProfileValueSource type [class org.springframework.test.annotation.SystemProfileValueSource] for class [com.soma.world.springboot.domain.posts.PostsRepositoryTest]
01:12:08.272 [Test worker] DEBUG org.springframework.test.context.support.TestPropertySourceUtils - Adding inlined properties to environment: {spring.jmx.enabled=false, org.springframework.boot.test.context.SpringBootTestContextBootstrapper=true, server.port=-1}

  .   ____          _            __ _ _
 /\\ / ___'_ __ _ _(_)_ __  __ _ \ \ \ \
( ( )\___ | '_ | '_| | '_ \/ _` | \ \ \ \
 \\/  ___)| |_)| | | | | || (_| |  ) ) ) )
  '  |____| .__|_| |_|_| |_\__, | / / / /
 =========|_|==============|___/=/_/_/_/
 :: Spring Boot ::        (v2.1.7.RELEASE)

2020-05-07 01:12:08.633  INFO 17164 --- [    Test worker] c.s.w.s.d.posts.PostsRepositoryTest      : Starting PostsRepositoryTest on DESKTOP-J720G2E with PID 17164 (started by somin in C:\Users\somin\IdeaProjects\first-springboot2-webservice)
2020-05-07 01:12:08.635  INFO 17164 --- [    Test worker] c.s.w.s.d.posts.PostsRepositoryTest      : No active profile set, falling back to default profiles: default
2020-05-07 01:12:09.583  INFO 17164 --- [    Test worker] .s.d.r.c.RepositoryConfigurationDelegate : Bootstrapping Spring Data repositories in DEFAULT mode.
2020-05-07 01:12:09.692  INFO 17164 --- [    Test worker] .s.d.r.c.RepositoryConfigurationDelegate : Finished Spring Data repository scanning in 96ms. Found 1 repository interfaces.
2020-05-07 01:12:10.248  INFO 17164 --- [    Test worker] trationDelegate$BeanPostProcessorChecker : Bean 'org.springframework.transaction.annotation.ProxyTransactionManagementConfiguration' of type [org.springframework.transaction.annotation.ProxyTransactionManagementConfiguration$$EnhancerBySpringCGLIB$$6242a276] is not eligible for getting processed by all BeanPostProcessors (for example: not eligible for auto-proxying)
2020-05-07 01:12:10.535  INFO 17164 --- [    Test worker] com.zaxxer.hikari.HikariDataSource       : HikariPool-1 - Starting...
2020-05-07 01:12:10.789  INFO 17164 --- [    Test worker] com.zaxxer.hikari.HikariDataSource       : HikariPool-1 - Start completed.
2020-05-07 01:12:10.900  INFO 17164 --- [    Test worker] o.hibernate.jpa.internal.util.LogHelper  : HHH000204: Processing PersistenceUnitInfo [
	name: default
	...]
2020-05-07 01:12:10.996  INFO 17164 --- [    Test worker] org.hibernate.Version                    : HHH000412: Hibernate Core {5.3.10.Final}
2020-05-07 01:12:10.999  INFO 17164 --- [    Test worker] org.hibernate.cfg.Environment            : HHH000206: hibernate.properties not found
2020-05-07 01:12:11.221  INFO 17164 --- [    Test worker] o.hibernate.annotations.common.Version   : HCANN000001: Hibernate Commons Annotations {5.0.4.Final}
2020-05-07 01:12:11.456  INFO 17164 --- [    Test worker] org.hibernate.dialect.Dialect            : HHH000400: Using dialect: org.hibernate.dialect.MySQL5InnoDBDialect
2020-05-07 01:12:12.372  INFO 17164 --- [    Test worker] o.h.t.schema.internal.SchemaCreatorImpl  : HHH000476: Executing import script 'org.hibernate.tool.schema.internal.exec.ScriptSourceInputNonExistentImpl@1ba2efa9'
2020-05-07 01:12:12.377  INFO 17164 --- [    Test worker] j.LocalContainerEntityManagerFactoryBean : Initialized JPA EntityManagerFactory for persistence unit 'default'
2020-05-07 01:12:13.601  INFO 17164 --- [    Test worker] o.s.s.concurrent.ThreadPoolTaskExecutor  : Initializing ExecutorService 'applicationTaskExecutor'
2020-05-07 01:12:13.689  WARN 17164 --- [    Test worker] aWebConfiguration$JpaWebMvcConfiguration : spring.jpa.open-in-view is enabled by default. Therefore, database queries may be performed during view rendering. Explicitly configure spring.jpa.open-in-view to disable this warning
2020-05-07 01:12:14.175  INFO 17164 --- [    Test worker] c.s.w.s.d.posts.PostsRepositoryTest      : Started PostsRepositoryTest in 5.891 seconds (JVM running for 7.864)
2020-05-07 01:12:14.585  INFO 17164 --- [    Test worker] o.h.h.i.QueryTranslatorFactoryInitiator  : HHH000397: Using ASTQueryTranslatorFactory
]]></system-out>
  <system-err><![CDATA[]]></system-err>
</testsuite>
